<?xml version="1.0" encoding="UTF-8"?>
<testsuite xmlns:xsi="http://www.w3.org/2001/XMLSchema-instance" xsi:noNamespaceSchemaLocation="https://maven.apache.org/surefire/maven-surefire-plugin/xsd/surefire-test-report.xsd" name="com.challenge.suite.ChallengeTestSuite" time="1.301" tests="102" errors="4" skipped="0" failures="32">
  <properties>
[...]
</properties>
  <testcase name="hasOneToManyCandidates" classname="com.challenge.suite.AccelerationTest" time="0.327">
    <failure message="&#10;Expected: &lt;true&gt;&#10;     but: was &lt;false&gt;" type="java.lang.AssertionError"><![CDATA[java.lang.AssertionError: 

Expected: <true>
     but: was <false>
	at com.challenge.suite.AccelerationTest.hasOneToManyCandidates(AccelerationTest.java:40)
]]></failure>
    <system-out><![CDATA[01:28:25.715 [main] DEBUG org.reflections.Reflections - going to scan these urls:
file:/C:/Users/grace/codenation/java-9/target/classes/
01:28:25.817 [main] INFO org.reflections.Reflections - Reflections took 102 ms to scan 1 urls, producing 1 keys and 6 values 
]]></system-out>
  </testcase>
  <testcase name="hasManyToOneChallenge" classname="com.challenge.suite.AccelerationTest" time="0.014">
    <failure message="&#10;Expected: &lt;true&gt;&#10;     but: was &lt;false&gt;" type="java.lang.AssertionError"><![CDATA[java.lang.AssertionError: 

Expected: <true>
     but: was <false>
	at com.challenge.suite.AccelerationTest.hasManyToOneChallenge(AccelerationTest.java:33)
]]></failure>
    <system-out><![CDATA[01:28:25.917 [main] DEBUG org.reflections.Reflections - going to scan these urls:
file:/C:/Users/grace/codenation/java-9/target/classes/
01:28:25.930 [main] INFO org.reflections.Reflections - Reflections took 13 ms to scan 1 urls, producing 1 keys and 6 values 
]]></system-out>
  </testcase>
  <testcase name="hasColumnName" classname="com.challenge.suite.AccelerationTest" time="0.018"/>
  <testcase name="hasColumnSlug" classname="com.challenge.suite.AccelerationTest" time="0.007"/>
  <testcase name="hasColumnSlugSize" classname="com.challenge.suite.AccelerationTest" time="0.02"/>
  <testcase name="hasColumnSlugNotNull" classname="com.challenge.suite.AccelerationTest" time="0.01"/>
  <testcase name="hasColumnNameNotNull" classname="com.challenge.suite.AccelerationTest" time="0.015"/>
  <testcase name="hasColumnNameSized" classname="com.challenge.suite.AccelerationTest" time="0.006"/>
  <testcase name="verifyTableName" classname="com.challenge.suite.AccelerationTest" time="0.012"/>
  <testcase name="checkOneToManyFieldsQuantity" classname="com.challenge.suite.AccelerationTest" time="0.008"/>
  <testcase name="hasColumnCreatedAtWithAnnotationCreatedDate" classname="com.challenge.suite.AccelerationTest" time="0.009">
    <failure message="&#10;Expected: &lt;true&gt;&#10;     but: was &lt;false&gt;" type="java.lang.AssertionError"><![CDATA[java.lang.AssertionError: 

Expected: <true>
     but: was <false>
]]></failure>
    <system-out><![CDATA[01:28:26.029 [main] DEBUG org.reflections.Reflections - going to scan these urls:
file:/C:/Users/grace/codenation/java-9/target/classes/
01:28:26.035 [main] INFO org.reflections.Reflections - Reflections took 6 ms to scan 1 urls, producing 1 keys and 6 values 
]]></system-out>
  </testcase>
  <testcase name="isEntity" classname="com.challenge.suite.AccelerationTest" time="0.009"/>
  <testcase name="isEntityListener" classname="com.challenge.suite.AccelerationTest" time="0.009">
    <failure message="&#10;Expected: &lt;true&gt;&#10;     but: was &lt;false&gt;" type="java.lang.AssertionError"><![CDATA[java.lang.AssertionError: 

Expected: <true>
     but: was <false>
]]></failure>
    <system-out><![CDATA[01:28:26.049 [main] DEBUG org.reflections.Reflections - going to scan these urls:
file:/C:/Users/grace/codenation/java-9/target/classes/
01:28:26.053 [main] INFO org.reflections.Reflections - Reflections took 4 ms to scan 1 urls, producing 1 keys and 6 values 
]]></system-out>
  </testcase>
  <testcase name="checkManyToOneFieldsQuantity" classname="com.challenge.suite.AccelerationTest" time="0.025"/>
  <testcase name="hasColumnCreatedAt" classname="com.challenge.suite.AccelerationTest" time="0.015"/>
  <testcase name="oneToManyFieldsFieldsAreCollection" classname="com.challenge.suite.AccelerationTest" time="0.016"/>
  <testcase name="hasColumnStatus" classname="com.challenge.suite.CandidateTest" time="0"/>
  <testcase name="hasColumnStatusNotNull" classname="com.challenge.suite.CandidateTest" time="0.035"/>
  <testcase name="checkPrimaryKeysWithManyToOne" classname="com.challenge.suite.CandidateTest" time="0.019">
    <error message="Not embeddedId" type="java.lang.RuntimeException">java.lang.RuntimeException: Not embeddedId
</error>
    <system-out><![CDATA[01:28:26.148 [main] DEBUG org.reflections.Reflections - going to scan these urls:
file:/C:/Users/grace/codenation/java-9/target/classes/
01:28:26.156 [main] INFO org.reflections.Reflections - Reflections took 6 ms to scan 1 urls, producing 1 keys and 6 values 
]]></system-out>
  </testcase>
  <testcase name="hasEmbeddedId" classname="com.challenge.suite.CandidateTest" time="0.007">
    <failure message="&#10;Expected: &lt;true&gt;&#10;     but: was &lt;false&gt;" type="java.lang.AssertionError"><![CDATA[java.lang.AssertionError: 

Expected: <true>
     but: was <false>
]]></failure>
    <system-out><![CDATA[01:28:26.167 [main] DEBUG org.reflections.Reflections - going to scan these urls:
file:/C:/Users/grace/codenation/java-9/target/classes/
01:28:26.172 [main] INFO org.reflections.Reflections - Reflections took 4 ms to scan 1 urls, producing 1 keys and 6 values 
]]></system-out>
  </testcase>
  <testcase name="checkEmbeddedIdIsEmbeddable" classname="com.challenge.suite.CandidateTest" time="0.015">
    <failure message="&#10;Expected: &lt;true&gt;&#10;     but: was &lt;false&gt;" type="java.lang.AssertionError"><![CDATA[java.lang.AssertionError: 

Expected: <true>
     but: was <false>
]]></failure>
    <system-out><![CDATA[01:28:26.175 [main] DEBUG org.reflections.Reflections - going to scan these urls:
file:/C:/Users/grace/codenation/java-9/target/classes/
01:28:26.183 [main] INFO org.reflections.Reflections - Reflections took 6 ms to scan 1 urls, producing 1 keys and 6 values 
]]></system-out>
  </testcase>
  <testcase name="checkPrimaryKeys" classname="com.challenge.suite.CandidateTest" time="0.016">
    <error message="Not embeddedId" type="java.lang.RuntimeException">java.lang.RuntimeException: Not embeddedId
</error>
    <system-out><![CDATA[01:28:26.193 [main] DEBUG org.reflections.Reflections - going to scan these urls:
file:/C:/Users/grace/codenation/java-9/target/classes/
01:28:26.205 [main] INFO org.reflections.Reflections - Reflections took 11 ms to scan 1 urls, producing 1 keys and 6 values 
]]></system-out>
  </testcase>
  <testcase name="verifyTableName" classname="com.challenge.suite.CandidateTest" time="0.008"/>
  <testcase name="checkOneToManyFieldsQuantity" classname="com.challenge.suite.CandidateTest" time="0.008">
    <failure message="&#10;Expected: a collection with size &lt;0&gt;&#10;     but: collection size was &lt;3&gt;" type="java.lang.AssertionError"><![CDATA[java.lang.AssertionError: 

Expected: a collection with size <0>
     but: collection size was <3>
]]></failure>
    <system-out><![CDATA[01:28:26.218 [main] DEBUG org.reflections.Reflections - going to scan these urls:
file:/C:/Users/grace/codenation/java-9/target/classes/
01:28:26.224 [main] INFO org.reflections.Reflections - Reflections took 5 ms to scan 1 urls, producing 1 keys and 6 values 
]]></system-out>
  </testcase>
  <testcase name="hasColumnCreatedAtWithAnnotationCreatedDate" classname="com.challenge.suite.CandidateTest" time="0.005">
    <failure message="&#10;Expected: &lt;true&gt;&#10;     but: was &lt;false&gt;" type="java.lang.AssertionError"><![CDATA[java.lang.AssertionError: 

Expected: <true>
     but: was <false>
]]></failure>
    <system-out><![CDATA[01:28:26.226 [main] DEBUG org.reflections.Reflections - going to scan these urls:
file:/C:/Users/grace/codenation/java-9/target/classes/
01:28:26.229 [main] INFO org.reflections.Reflections - Reflections took 3 ms to scan 1 urls, producing 1 keys and 6 values 
]]></system-out>
  </testcase>
  <testcase name="isEntity" classname="com.challenge.suite.CandidateTest" time="0.006"/>
  <testcase name="isEntityListener" classname="com.challenge.suite.CandidateTest" time="0.005">
    <failure message="&#10;Expected: &lt;true&gt;&#10;     but: was &lt;false&gt;" type="java.lang.AssertionError"><![CDATA[java.lang.AssertionError: 

Expected: <true>
     but: was <false>
]]></failure>
    <system-out><![CDATA[01:28:26.239 [main] DEBUG org.reflections.Reflections - going to scan these urls:
file:/C:/Users/grace/codenation/java-9/target/classes/
01:28:26.243 [main] INFO org.reflections.Reflections - Reflections took 4 ms to scan 1 urls, producing 1 keys and 6 values 
]]></system-out>
  </testcase>
  <testcase name="checkManyToOneFieldsQuantity" classname="com.challenge.suite.CandidateTest" time="0.012"/>
  <testcase name="hasColumnCreatedAt" classname="com.challenge.suite.CandidateTest" time="0.014"/>
  <testcase name="oneToManyFieldsFieldsAreCollection" classname="com.challenge.suite.CandidateTest" time="0.004"/>
  <testcase name="hasOneToManyAcceleration" classname="com.challenge.suite.ChallengeTest" time="0.011">
    <failure message="&#10;Expected: &lt;true&gt;&#10;     but: was &lt;false&gt;" type="java.lang.AssertionError"><![CDATA[java.lang.AssertionError: 

Expected: <true>
     but: was <false>
	at com.challenge.suite.ChallengeTest.hasOneToManyAcceleration(ChallengeTest.java:33)
]]></failure>
    <system-out><![CDATA[01:28:26.274 [main] DEBUG org.reflections.Reflections - going to scan these urls:
file:/C:/Users/grace/codenation/java-9/target/classes/
01:28:26.283 [main] INFO org.reflections.Reflections - Reflections took 9 ms to scan 1 urls, producing 1 keys and 6 values 
]]></system-out>
  </testcase>
  <testcase name="hasOneToManySubmission" classname="com.challenge.suite.ChallengeTest" time="0.006">
    <failure message="&#10;Expected: &lt;true&gt;&#10;     but: was &lt;false&gt;" type="java.lang.AssertionError"><![CDATA[java.lang.AssertionError: 

Expected: <true>
     but: was <false>
	at com.challenge.suite.ChallengeTest.hasOneToManySubmission(ChallengeTest.java:40)
]]></failure>
    <system-out><![CDATA[01:28:26.286 [main] DEBUG org.reflections.Reflections - going to scan these urls:
file:/C:/Users/grace/codenation/java-9/target/classes/
01:28:26.289 [main] INFO org.reflections.Reflections - Reflections took 3 ms to scan 1 urls, producing 1 keys and 6 values 
]]></system-out>
  </testcase>
  <testcase name="hasColumnName" classname="com.challenge.suite.ChallengeTest" time="0.006"/>
  <testcase name="hasColumnSlug" classname="com.challenge.suite.ChallengeTest" time="0.007"/>
  <testcase name="hasColumnSlugSize" classname="com.challenge.suite.ChallengeTest" time="0.006"/>
  <testcase name="hasColumnSlugNotNull" classname="com.challenge.suite.ChallengeTest" time="0.011"/>
  <testcase name="hasColumnNameNotNull" classname="com.challenge.suite.ChallengeTest" time="0.005"/>
  <testcase name="hasColumnNameSized" classname="com.challenge.suite.ChallengeTest" time="0.005"/>
  <testcase name="verifyTableName" classname="com.challenge.suite.ChallengeTest" time="0.007"/>
  <testcase name="checkOneToManyFieldsQuantity" classname="com.challenge.suite.ChallengeTest" time="0.008">
    <failure message="&#10;Expected: a collection with size &lt;2&gt;&#10;     but: collection size was &lt;0&gt;" type="java.lang.AssertionError"><![CDATA[java.lang.AssertionError: 

Expected: a collection with size <2>
     but: collection size was <0>
]]></failure>
    <system-out><![CDATA[01:28:26.341 [main] DEBUG org.reflections.Reflections - going to scan these urls:
file:/C:/Users/grace/codenation/java-9/target/classes/
01:28:26.345 [main] INFO org.reflections.Reflections - Reflections took 3 ms to scan 1 urls, producing 1 keys and 6 values 
]]></system-out>
  </testcase>
  <testcase name="hasColumnCreatedAtWithAnnotationCreatedDate" classname="com.challenge.suite.ChallengeTest" time="0.004">
    <failure message="&#10;Expected: &lt;true&gt;&#10;     but: was &lt;false&gt;" type="java.lang.AssertionError"><![CDATA[java.lang.AssertionError: 

Expected: <true>
     but: was <false>
]]></failure>
    <system-out><![CDATA[01:28:26.348 [main] DEBUG org.reflections.Reflections - going to scan these urls:
file:/C:/Users/grace/codenation/java-9/target/classes/
01:28:26.351 [main] INFO org.reflections.Reflections - Reflections took 3 ms to scan 1 urls, producing 1 keys and 6 values 
]]></system-out>
  </testcase>
  <testcase name="isEntity" classname="com.challenge.suite.ChallengeTest" time="0.004"/>
  <testcase name="isEntityListener" classname="com.challenge.suite.ChallengeTest" time="0.011">
    <failure message="&#10;Expected: &lt;true&gt;&#10;     but: was &lt;false&gt;" type="java.lang.AssertionError"><![CDATA[java.lang.AssertionError: 

Expected: <true>
     but: was <false>
]]></failure>
    <system-out><![CDATA[01:28:26.359 [main] DEBUG org.reflections.Reflections - going to scan these urls:
file:/C:/Users/grace/codenation/java-9/target/classes/
01:28:26.363 [main] INFO org.reflections.Reflections - Reflections took 4 ms to scan 1 urls, producing 1 keys and 6 values 
]]></system-out>
  </testcase>
  <testcase name="checkManyToOneFieldsQuantity" classname="com.challenge.suite.ChallengeTest" time="0.007">
    <failure message="&#10;Expected: a collection with size &lt;0&gt;&#10;     but: collection size was &lt;2&gt;" type="java.lang.AssertionError"><![CDATA[java.lang.AssertionError: 

Expected: a collection with size <0>
     but: collection size was <2>
]]></failure>
    <system-out><![CDATA[01:28:26.367 [main] DEBUG org.reflections.Reflections - going to scan these urls:
file:/C:/Users/grace/codenation/java-9/target/classes/
01:28:26.372 [main] INFO org.reflections.Reflections - Reflections took 5 ms to scan 1 urls, producing 1 keys and 6 values 
]]></system-out>
  </testcase>
  <testcase name="hasColumnCreatedAt" classname="com.challenge.suite.ChallengeTest" time="0.007"/>
  <testcase name="oneToManyFieldsFieldsAreCollection" classname="com.challenge.suite.ChallengeTest" time="0.006"/>
  <testcase name="hasOneToManyCandidates" classname="com.challenge.suite.CompanyTest" time="0.01">
    <failure message="&#10;Expected: &lt;true&gt;&#10;     but: was &lt;false&gt;" type="java.lang.AssertionError"><![CDATA[java.lang.AssertionError: 

Expected: <true>
     but: was <false>
	at com.challenge.suite.CompanyTest.hasOneToManyCandidates(CompanyTest.java:32)
]]></failure>
    <system-out><![CDATA[01:28:26.388 [main] DEBUG org.reflections.Reflections - going to scan these urls:
file:/C:/Users/grace/codenation/java-9/target/classes/
01:28:26.392 [main] INFO org.reflections.Reflections - Reflections took 4 ms to scan 1 urls, producing 1 keys and 6 values 
]]></system-out>
  </testcase>
  <testcase name="hasColumnName" classname="com.challenge.suite.CompanyTest" time="0.005"/>
  <testcase name="hasColumnSlug" classname="com.challenge.suite.CompanyTest" time="0.007"/>
  <testcase name="hasColumnSlugSize" classname="com.challenge.suite.CompanyTest" time="0.006"/>
  <testcase name="hasColumnSlugNotNull" classname="com.challenge.suite.CompanyTest" time="0.006"/>
  <testcase name="hasColumnNameNotNull" classname="com.challenge.suite.CompanyTest" time="0.007"/>
  <testcase name="hasColumnNameSized" classname="com.challenge.suite.CompanyTest" time="0.004"/>
  <testcase name="verifyTableName" classname="com.challenge.suite.CompanyTest" time="0.006"/>
  <testcase name="checkOneToManyFieldsQuantity" classname="com.challenge.suite.CompanyTest" time="0.005">
    <failure message="&#10;Expected: a collection with size &lt;1&gt;&#10;     but: collection size was &lt;0&gt;" type="java.lang.AssertionError"><![CDATA[java.lang.AssertionError: 

Expected: a collection with size <1>
     but: collection size was <0>
]]></failure>
    <system-out><![CDATA[01:28:26.442 [main] DEBUG org.reflections.Reflections - going to scan these urls:
file:/C:/Users/grace/codenation/java-9/target/classes/
01:28:26.445 [main] INFO org.reflections.Reflections - Reflections took 2 ms to scan 1 urls, producing 1 keys and 6 values 
]]></system-out>
  </testcase>
  <testcase name="hasColumnCreatedAtWithAnnotationCreatedDate" classname="com.challenge.suite.CompanyTest" time="0.004">
    <failure message="&#10;Expected: &lt;true&gt;&#10;     but: was &lt;false&gt;" type="java.lang.AssertionError"><![CDATA[java.lang.AssertionError: 

Expected: <true>
     but: was <false>
]]></failure>
    <system-out><![CDATA[01:28:26.448 [main] DEBUG org.reflections.Reflections - going to scan these urls:
file:/C:/Users/grace/codenation/java-9/target/classes/
01:28:26.451 [main] INFO org.reflections.Reflections - Reflections took 3 ms to scan 1 urls, producing 1 keys and 6 values 
]]></system-out>
  </testcase>
  <testcase name="isEntity" classname="com.challenge.suite.CompanyTest" time="0.005"/>
  <testcase name="isEntityListener" classname="com.challenge.suite.CompanyTest" time="0.008">
    <failure message="&#10;Expected: &lt;true&gt;&#10;     but: was &lt;false&gt;" type="java.lang.AssertionError"><![CDATA[java.lang.AssertionError: 

Expected: <true>
     but: was <false>
]]></failure>
    <system-out><![CDATA[01:28:26.458 [main] DEBUG org.reflections.Reflections - going to scan these urls:
file:/C:/Users/grace/codenation/java-9/target/classes/
01:28:26.462 [main] INFO org.reflections.Reflections - Reflections took 4 ms to scan 1 urls, producing 1 keys and 6 values 
]]></system-out>
  </testcase>
  <testcase name="checkManyToOneFieldsQuantity" classname="com.challenge.suite.CompanyTest" time="0.013">
    <failure message="&#10;Expected: a collection with size &lt;0&gt;&#10;     but: collection size was &lt;1&gt;" type="java.lang.AssertionError"><![CDATA[java.lang.AssertionError: 

Expected: a collection with size <0>
     but: collection size was <1>
]]></failure>
    <system-out><![CDATA[01:28:26.466 [main] DEBUG org.reflections.Reflections - going to scan these urls:
file:/C:/Users/grace/codenation/java-9/target/classes/
01:28:26.473 [main] INFO org.reflections.Reflections - Reflections took 5 ms to scan 1 urls, producing 1 keys and 6 values 
]]></system-out>
  </testcase>
  <testcase name="hasColumnCreatedAt" classname="com.challenge.suite.CompanyTest" time="0.008"/>
  <testcase name="oneToManyFieldsFieldsAreCollection" classname="com.challenge.suite.CompanyTest" time="0.01"/>
  <testcase name="hasColumnScore" classname="com.challenge.suite.SubmissionTest" time="0.006"/>
  <testcase name="hasColumnScoreNotNull" classname="com.challenge.suite.SubmissionTest" time="0.008"/>
  <testcase name="checkPrimaryKeysWithManyToOne" classname="com.challenge.suite.SubmissionTest" time="0.005">
    <error message="Not embeddedId" type="java.lang.RuntimeException">java.lang.RuntimeException: Not embeddedId
</error>
    <system-out><![CDATA[01:28:26.515 [main] DEBUG org.reflections.Reflections - going to scan these urls:
file:/C:/Users/grace/codenation/java-9/target/classes/
01:28:26.519 [main] INFO org.reflections.Reflections - Reflections took 4 ms to scan 1 urls, producing 1 keys and 6 values 
]]></system-out>
  </testcase>
  <testcase name="hasEmbeddedId" classname="com.challenge.suite.SubmissionTest" time="0.008">
    <failure message="&#10;Expected: &lt;true&gt;&#10;     but: was &lt;false&gt;" type="java.lang.AssertionError"><![CDATA[java.lang.AssertionError: 

Expected: <true>
     but: was <false>
]]></failure>
    <system-out><![CDATA[01:28:26.519 [main] DEBUG org.reflections.Reflections - going to scan these urls:
file:/C:/Users/grace/codenation/java-9/target/classes/
01:28:26.527 [main] INFO org.reflections.Reflections - Reflections took 8 ms to scan 1 urls, producing 1 keys and 6 values 
]]></system-out>
  </testcase>
  <testcase name="checkEmbeddedIdIsEmbeddable" classname="com.challenge.suite.SubmissionTest" time="0.006">
    <failure message="&#10;Expected: &lt;true&gt;&#10;     but: was &lt;false&gt;" type="java.lang.AssertionError"><![CDATA[java.lang.AssertionError: 

Expected: <true>
     but: was <false>
]]></failure>
    <system-out><![CDATA[01:28:26.529 [main] DEBUG org.reflections.Reflections - going to scan these urls:
file:/C:/Users/grace/codenation/java-9/target/classes/
01:28:26.532 [main] INFO org.reflections.Reflections - Reflections took 3 ms to scan 1 urls, producing 1 keys and 6 values 
]]></system-out>
  </testcase>
  <testcase name="checkPrimaryKeys" classname="com.challenge.suite.SubmissionTest" time="0.006">
    <error message="Not embeddedId" type="java.lang.RuntimeException">java.lang.RuntimeException: Not embeddedId
</error>
    <system-out><![CDATA[01:28:26.535 [main] DEBUG org.reflections.Reflections - going to scan these urls:
file:/C:/Users/grace/codenation/java-9/target/classes/
01:28:26.538 [main] INFO org.reflections.Reflections - Reflections took 3 ms to scan 1 urls, producing 1 keys and 6 values 
]]></system-out>
  </testcase>
  <testcase name="verifyTableName" classname="com.challenge.suite.SubmissionTest" time="0.007"/>
  <testcase name="checkOneToManyFieldsQuantity" classname="com.challenge.suite.SubmissionTest" time="0.006">
    <failure message="&#10;Expected: a collection with size &lt;0&gt;&#10;     but: collection size was &lt;2&gt;" type="java.lang.AssertionError"><![CDATA[java.lang.AssertionError: 

Expected: a collection with size <0>
     but: collection size was <2>
]]></failure>
    <system-out><![CDATA[01:28:26.549 [main] DEBUG org.reflections.Reflections - going to scan these urls:
file:/C:/Users/grace/codenation/java-9/target/classes/
01:28:26.553 [main] INFO org.reflections.Reflections - Reflections took 4 ms to scan 1 urls, producing 1 keys and 6 values 
]]></system-out>
  </testcase>
  <testcase name="hasColumnCreatedAtWithAnnotationCreatedDate" classname="com.challenge.suite.SubmissionTest" time="0.006">
    <failure message="&#10;Expected: &lt;true&gt;&#10;     but: was &lt;false&gt;" type="java.lang.AssertionError"><![CDATA[java.lang.AssertionError: 

Expected: <true>
     but: was <false>
]]></failure>
    <system-out><![CDATA[01:28:26.555 [main] DEBUG org.reflections.Reflections - going to scan these urls:
file:/C:/Users/grace/codenation/java-9/target/classes/
01:28:26.558 [main] INFO org.reflections.Reflections - Reflections took 3 ms to scan 1 urls, producing 1 keys and 6 values 
]]></system-out>
  </testcase>
  <testcase name="isEntity" classname="com.challenge.suite.SubmissionTest" time="0.006"/>
  <testcase name="isEntityListener" classname="com.challenge.suite.SubmissionTest" time="0.004">
    <failure message="&#10;Expected: &lt;true&gt;&#10;     but: was &lt;false&gt;" type="java.lang.AssertionError"><![CDATA[java.lang.AssertionError: 

Expected: <true>
     but: was <false>
]]></failure>
    <system-out><![CDATA[01:28:26.566 [main] DEBUG org.reflections.Reflections - going to scan these urls:
file:/C:/Users/grace/codenation/java-9/target/classes/
01:28:26.569 [main] INFO org.reflections.Reflections - Reflections took 2 ms to scan 1 urls, producing 1 keys and 6 values 
]]></system-out>
  </testcase>
  <testcase name="checkManyToOneFieldsQuantity" classname="com.challenge.suite.SubmissionTest" time="0.005"/>
  <testcase name="hasColumnCreatedAt" classname="com.challenge.suite.SubmissionTest" time="0.006"/>
  <testcase name="oneToManyFieldsFieldsAreCollection" classname="com.challenge.suite.SubmissionTest" time="0.005"/>
  <testcase name="hasColumnNicknameNotNull" classname="com.challenge.suite.UserTest" time="0.006"/>
  <testcase name="hasOneToManySubmissions" classname="com.challenge.suite.UserTest" time="0.009">
    <failure message="&#10;Expected: &lt;true&gt;&#10;     but: was &lt;false&gt;" type="java.lang.AssertionError"><![CDATA[java.lang.AssertionError: 

Expected: <true>
     but: was <false>
	at com.challenge.suite.UserTest.hasOneToManySubmissions(UserTest.java:140)
]]></failure>
    <system-out><![CDATA[01:28:26.593 [main] DEBUG org.reflections.Reflections - going to scan these urls:
file:/C:/Users/grace/codenation/java-9/target/classes/
01:28:26.596 [main] INFO org.reflections.Reflections - Reflections took 3 ms to scan 1 urls, producing 1 keys and 6 values 
]]></system-out>
  </testcase>
  <testcase name="hasColumnEmailSize" classname="com.challenge.suite.UserTest" time="0.004"/>
  <testcase name="hasColumnPasswordSize" classname="com.challenge.suite.UserTest" time="0.004"/>
  <testcase name="hasColumnEmail" classname="com.challenge.suite.UserTest" time="0.007"/>
  <testcase name="hasColumnFullNameSize" classname="com.challenge.suite.UserTest" time="0.006"/>
  <testcase name="hasColumnNicknameSize" classname="com.challenge.suite.UserTest" time="0.006"/>
  <testcase name="hasColumnFullNameNotNull" classname="com.challenge.suite.UserTest" time="0.006"/>
  <testcase name="hasColumnEmailNotNull" classname="com.challenge.suite.UserTest" time="0.004"/>
  <testcase name="hasColumnNickname" classname="com.challenge.suite.UserTest" time="0.007"/>
  <testcase name="hasOneToManyCandidates" classname="com.challenge.suite.UserTest" time="0.008">
    <failure message="&#10;Expected: &lt;true&gt;&#10;     but: was &lt;false&gt;" type="java.lang.AssertionError"><![CDATA[java.lang.AssertionError: 

Expected: <true>
     but: was <false>
	at com.challenge.suite.UserTest.hasOneToManyCandidates(UserTest.java:147)
]]></failure>
    <system-out><![CDATA[01:28:26.647 [main] DEBUG org.reflections.Reflections - going to scan these urls:
file:/C:/Users/grace/codenation/java-9/target/classes/
01:28:26.652 [main] INFO org.reflections.Reflections - Reflections took 4 ms to scan 1 urls, producing 1 keys and 6 values 
]]></system-out>
  </testcase>
  <testcase name="hasColumnPasswordNotNull" classname="com.challenge.suite.UserTest" time="0.007"/>
  <testcase name="hasColumnPassword" classname="com.challenge.suite.UserTest" time="0.009"/>
  <testcase name="hasColumnFullName" classname="com.challenge.suite.UserTest" time="0.006"/>
  <testcase name="hasColumnEmailWithEmailAnnotation" classname="com.challenge.suite.UserTest" time="0.007">
    <failure message="&#10;Expected: &lt;true&gt;&#10;     but: was &lt;false&gt;" type="java.lang.AssertionError"><![CDATA[java.lang.AssertionError: 

Expected: <true>
     but: was <false>
	at com.challenge.suite.UserTest.hasColumnEmailWithEmailAnnotation(UserTest.java:87)
]]></failure>
    <system-out><![CDATA[01:28:26.677 [main] DEBUG org.reflections.Reflections - going to scan these urls:
file:/C:/Users/grace/codenation/java-9/target/classes/
01:28:26.682 [main] INFO org.reflections.Reflections - Reflections took 4 ms to scan 1 urls, producing 1 keys and 6 values 
]]></system-out>
  </testcase>
  <testcase name="hasColumnId" classname="com.challenge.suite.UserTest" time="0.008"/>
  <testcase name="hasIdWithAnnotationId" classname="com.challenge.suite.UserTest" time="0.004"/>
  <testcase name="hasIdWithAnnotationGeneratedValueWithStrategyIdentity" classname="com.challenge.suite.UserTest" time="0.016"/>
  <testcase name="hasIdWithAnnotationGeneratedValue" classname="com.challenge.suite.UserTest" time="0.005"/>
  <testcase name="verifyTableName" classname="com.challenge.suite.UserTest" time="0.006"/>
  <testcase name="checkOneToManyFieldsQuantity" classname="com.challenge.suite.UserTest" time="0.006">
    <failure message="&#10;Expected: a collection with size &lt;2&gt;&#10;     but: collection size was &lt;0&gt;" type="java.lang.AssertionError"><![CDATA[java.lang.AssertionError: 

Expected: a collection with size <2>
     but: collection size was <0>
]]></failure>
    <system-out><![CDATA[01:28:26.725 [main] DEBUG org.reflections.Reflections - going to scan these urls:
file:/C:/Users/grace/codenation/java-9/target/classes/
01:28:26.729 [main] INFO org.reflections.Reflections - Reflections took 4 ms to scan 1 urls, producing 1 keys and 6 values 
]]></system-out>
  </testcase>
  <testcase name="hasColumnCreatedAtWithAnnotationCreatedDate" classname="com.challenge.suite.UserTest" time="0.005">
    <failure message="&#10;Expected: &lt;true&gt;&#10;     but: was &lt;false&gt;" type="java.lang.AssertionError"><![CDATA[java.lang.AssertionError: 

Expected: <true>
     but: was <false>
]]></failure>
    <system-out><![CDATA[01:28:26.731 [main] DEBUG org.reflections.Reflections - going to scan these urls:
file:/C:/Users/grace/codenation/java-9/target/classes/
01:28:26.734 [main] INFO org.reflections.Reflections - Reflections took 3 ms to scan 1 urls, producing 1 keys and 6 values 
]]></system-out>
  </testcase>
  <testcase name="isEntity" classname="com.challenge.suite.UserTest" time="0.006"/>
  <testcase name="isEntityListener" classname="com.challenge.suite.UserTest" time="0.008">
    <failure message="&#10;Expected: &lt;true&gt;&#10;     but: was &lt;false&gt;" type="java.lang.AssertionError"><![CDATA[java.lang.AssertionError: 

Expected: <true>
     but: was <false>
]]></failure>
    <system-out><![CDATA[01:28:26.743 [main] DEBUG org.reflections.Reflections - going to scan these urls:
file:/C:/Users/grace/codenation/java-9/target/classes/
01:28:26.749 [main] INFO org.reflections.Reflections - Reflections took 5 ms to scan 1 urls, producing 1 keys and 6 values 
]]></system-out>
  </testcase>
  <testcase name="checkManyToOneFieldsQuantity" classname="com.challenge.suite.UserTest" time="0.005">
    <failure message="&#10;Expected: a collection with size &lt;0&gt;&#10;     but: collection size was &lt;2&gt;" type="java.lang.AssertionError"><![CDATA[java.lang.AssertionError: 

Expected: a collection with size <0>
     but: collection size was <2>
]]></failure>
    <system-out><![CDATA[01:28:26.751 [main] DEBUG org.reflections.Reflections - going to scan these urls:
file:/C:/Users/grace/codenation/java-9/target/classes/
01:28:26.754 [main] INFO org.reflections.Reflections - Reflections took 3 ms to scan 1 urls, producing 1 keys and 6 values 
]]></system-out>
  </testcase>
  <testcase name="hasColumnCreatedAt" classname="com.challenge.suite.UserTest" time="0.004"/>
  <testcase name="oneToManyFieldsFieldsAreCollection" classname="com.challenge.suite.UserTest" time="0.005"/>
</testsuite>