<?xml version="1.0" encoding="UTF-8"?>
<testsuite xmlns:xsi="http://www.w3.org/2001/XMLSchema-instance" xsi:noNamespaceSchemaLocation="https://maven.apache.org/surefire/maven-surefire-plugin/xsd/surefire-test-report.xsd" name="com.challenge.suite.ChallengeTestSuite" time="1.301" tests="102" errors="4" skipped="0" failures="32">
  <properties>
    <property name="sun.desktop" value="windows"/>
    <property name="awt.toolkit" value="sun.awt.windows.WToolkit"/>
    <property name="file.encoding.pkg" value="sun.io"/>
    <property name="java.specification.version" value="1.8"/>
    <property name="sun.cpu.isalist" value="amd64"/>
    <property name="sun.jnu.encoding" value="Cp1252"/>
    <property name="java.class.path" value="C:\Users\grace\codenation\java-9\target\test-classes;C:\Users\grace\codenation\java-9\target\classes;C:\Users\grace\.m2\repository\org\springframework\boot\spring-boot-starter-data-jpa\2.1.6.RELEASE\spring-boot-starter-data-jpa-2.1.6.RELEASE.jar;C:\Users\grace\.m2\repository\org\springframework\boot\spring-boot-starter-aop\2.1.6.RELEASE\spring-boot-starter-aop-2.1.6.RELEASE.jar;C:\Users\grace\.m2\repository\org\springframework\spring-aop\5.1.8.RELEASE\spring-aop-5.1.8.RELEASE.jar;C:\Users\grace\.m2\repository\org\aspectj\aspectjweaver\1.9.4\aspectjweaver-1.9.4.jar;C:\Users\grace\.m2\repository\org\springframework\boot\spring-boot-starter-jdbc\2.1.6.RELEASE\spring-boot-starter-jdbc-2.1.6.RELEASE.jar;C:\Users\grace\.m2\repository\com\zaxxer\HikariCP\3.2.0\HikariCP-3.2.0.jar;C:\Users\grace\.m2\repository\org\springframework\spring-jdbc\5.1.8.RELEASE\spring-jdbc-5.1.8.RELEASE.jar;C:\Users\grace\.m2\repository\javax\transaction\javax.transaction-api\1.3\javax.transaction-api-1.3.jar;C:\Users\grace\.m2\repository\javax\xml\bind\jaxb-api\2.3.1\jaxb-api-2.3.1.jar;C:\Users\grace\.m2\repository\javax\activation\javax.activation-api\1.2.0\javax.activation-api-1.2.0.jar;C:\Users\grace\.m2\repository\org\hibernate\hibernate-core\5.3.10.Final\hibernate-core-5.3.10.Final.jar;C:\Users\grace\.m2\repository\org\jboss\logging\jboss-logging\3.3.2.Final\jboss-logging-3.3.2.Final.jar;C:\Users\grace\.m2\repository\javax\persistence\javax.persistence-api\2.2\javax.persistence-api-2.2.jar;C:\Users\grace\.m2\repository\net\bytebuddy\byte-buddy\1.9.13\byte-buddy-1.9.13.jar;C:\Users\grace\.m2\repository\antlr\antlr\2.7.7\antlr-2.7.7.jar;C:\Users\grace\.m2\repository\org\jboss\jandex\2.0.5.Final\jandex-2.0.5.Final.jar;C:\Users\grace\.m2\repository\com\fasterxml\classmate\1.4.0\classmate-1.4.0.jar;C:\Users\grace\.m2\repository\org\dom4j\dom4j\2.1.1\dom4j-2.1.1.jar;C:\Users\grace\.m2\repository\org\hibernate\common\hibernate-commons-annotations\5.0.4.Final\hibernate-commons-annotations-5.0.4.Final.jar;C:\Users\grace\.m2\repository\org\springframework\data\spring-data-jpa\2.1.9.RELEASE\spring-data-jpa-2.1.9.RELEASE.jar;C:\Users\grace\.m2\repository\org\springframework\data\spring-data-commons\2.1.9.RELEASE\spring-data-commons-2.1.9.RELEASE.jar;C:\Users\grace\.m2\repository\org\springframework\spring-orm\5.1.8.RELEASE\spring-orm-5.1.8.RELEASE.jar;C:\Users\grace\.m2\repository\org\springframework\spring-context\5.1.8.RELEASE\spring-context-5.1.8.RELEASE.jar;C:\Users\grace\.m2\repository\org\springframework\spring-expression\5.1.8.RELEASE\spring-expression-5.1.8.RELEASE.jar;C:\Users\grace\.m2\repository\org\springframework\spring-tx\5.1.8.RELEASE\spring-tx-5.1.8.RELEASE.jar;C:\Users\grace\.m2\repository\org\springframework\spring-beans\5.1.8.RELEASE\spring-beans-5.1.8.RELEASE.jar;C:\Users\grace\.m2\repository\org\slf4j\slf4j-api\1.7.26\slf4j-api-1.7.26.jar;C:\Users\grace\.m2\repository\org\springframework\spring-aspects\5.1.8.RELEASE\spring-aspects-5.1.8.RELEASE.jar;C:\Users\grace\.m2\repository\javax\validation\validation-api\2.0.0.Final\validation-api-2.0.0.Final.jar;C:\Users\grace\.m2\repository\org\reflections\reflections\0.9.11\reflections-0.9.11.jar;C:\Users\grace\.m2\repository\com\google\guava\guava\20.0\guava-20.0.jar;C:\Users\grace\.m2\repository\org\javassist\javassist\3.21.0-GA\javassist-3.21.0-GA.jar;C:\Users\grace\.m2\repository\com\h2database\h2\1.4.199\h2-1.4.199.jar;C:\Users\grace\.m2\repository\org\projectlombok\lombok\1.18.8\lombok-1.18.8.jar;C:\Users\grace\.m2\repository\org\springframework\boot\spring-boot-starter-test\2.1.6.RELEASE\spring-boot-starter-test-2.1.6.RELEASE.jar;C:\Users\grace\.m2\repository\org\springframework\boot\spring-boot-starter\2.1.6.RELEASE\spring-boot-starter-2.1.6.RELEASE.jar;C:\Users\grace\.m2\repository\org\springframework\boot\spring-boot\2.1.6.RELEASE\spring-boot-2.1.6.RELEASE.jar;C:\Users\grace\.m2\repository\org\springframework\boot\spring-boot-autoconfigure\2.1.6.RELEASE\spring-boot-autoconfigure-2.1.6.RELEASE.jar;C:\Users\grace\.m2\repository\org\springframework\boot\spring-boot-starter-logging\2.1.6.RELEASE\spring-boot-starter-logging-2.1.6.RELEASE.jar;C:\Users\grace\.m2\repository\ch\qos\logback\logback-classic\1.2.3\logback-classic-1.2.3.jar;C:\Users\grace\.m2\repository\ch\qos\logback\logback-core\1.2.3\logback-core-1.2.3.jar;C:\Users\grace\.m2\repository\org\apache\logging\log4j\log4j-to-slf4j\2.11.2\log4j-to-slf4j-2.11.2.jar;C:\Users\grace\.m2\repository\org\apache\logging\log4j\log4j-api\2.11.2\log4j-api-2.11.2.jar;C:\Users\grace\.m2\repository\org\slf4j\jul-to-slf4j\1.7.26\jul-to-slf4j-1.7.26.jar;C:\Users\grace\.m2\repository\javax\annotation\javax.annotation-api\1.3.2\javax.annotation-api-1.3.2.jar;C:\Users\grace\.m2\repository\org\yaml\snakeyaml\1.23\snakeyaml-1.23.jar;C:\Users\grace\.m2\repository\org\springframework\boot\spring-boot-test\2.1.6.RELEASE\spring-boot-test-2.1.6.RELEASE.jar;C:\Users\grace\.m2\repository\org\springframework\boot\spring-boot-test-autoconfigure\2.1.6.RELEASE\spring-boot-test-autoconfigure-2.1.6.RELEASE.jar;C:\Users\grace\.m2\repository\com\jayway\jsonpath\json-path\2.4.0\json-path-2.4.0.jar;C:\Users\grace\.m2\repository\net\minidev\json-smart\2.3\json-smart-2.3.jar;C:\Users\grace\.m2\repository\net\minidev\accessors-smart\1.2\accessors-smart-1.2.jar;C:\Users\grace\.m2\repository\org\ow2\asm\asm\5.0.4\asm-5.0.4.jar;C:\Users\grace\.m2\repository\junit\junit\4.12\junit-4.12.jar;C:\Users\grace\.m2\repository\org\assertj\assertj-core\3.11.1\assertj-core-3.11.1.jar;C:\Users\grace\.m2\repository\org\mockito\mockito-core\2.23.4\mockito-core-2.23.4.jar;C:\Users\grace\.m2\repository\net\bytebuddy\byte-buddy-agent\1.9.13\byte-buddy-agent-1.9.13.jar;C:\Users\grace\.m2\repository\org\objenesis\objenesis\2.6\objenesis-2.6.jar;C:\Users\grace\.m2\repository\org\hamcrest\hamcrest-core\1.3\hamcrest-core-1.3.jar;C:\Users\grace\.m2\repository\org\hamcrest\hamcrest-library\1.3\hamcrest-library-1.3.jar;C:\Users\grace\.m2\repository\org\skyscreamer\jsonassert\1.5.0\jsonassert-1.5.0.jar;C:\Users\grace\.m2\repository\com\vaadin\external\google\android-json\0.0.20131108.vaadin1\android-json-0.0.20131108.vaadin1.jar;C:\Users\grace\.m2\repository\org\springframework\spring-core\5.1.8.RELEASE\spring-core-5.1.8.RELEASE.jar;C:\Users\grace\.m2\repository\org\springframework\spring-jcl\5.1.8.RELEASE\spring-jcl-5.1.8.RELEASE.jar;C:\Users\grace\.m2\repository\org\springframework\spring-test\5.1.8.RELEASE\spring-test-5.1.8.RELEASE.jar;C:\Users\grace\.m2\repository\org\xmlunit\xmlunit-core\2.6.2\xmlunit-core-2.6.2.jar;"/>
    <property name="java.vm.vendor" value="Oracle Corporation"/>
    <property name="sun.arch.data.model" value="64"/>
    <property name="user.variant" value=""/>
    <property name="java.vendor.url" value="http://java.oracle.com/"/>
    <property name="user.timezone" value="America/Sao_Paulo"/>
    <property name="java.vm.specification.version" value="1.8"/>
    <property name="os.name" value="Windows 10"/>
    <property name="user.country" value="BR"/>
    <property name="sun.java.launcher" value="SUN_STANDARD"/>
    <property name="sun.boot.library.path" value="C:\Program Files\Java\jdk1.8.0_201\jre\bin"/>
    <property name="sun.java.command" value="C:\Users\grace\AppData\Local\Temp\surefire2551230783145349372\surefirebooter7295151134437569087.jar C:\Users\grace\AppData\Local\Temp\surefire2551230783145349372 2019-11-30T01-28-24_662-jvmRun1 surefire7182040575040755704tmp surefire_02808878557831150433tmp"/>
    <property name="test" value="ChallengeTestSuite"/>
    <property name="surefire.test.class.path" value="C:\Users\grace\codenation\java-9\target\test-classes;C:\Users\grace\codenation\java-9\target\classes;C:\Users\grace\.m2\repository\org\springframework\boot\spring-boot-starter-data-jpa\2.1.6.RELEASE\spring-boot-starter-data-jpa-2.1.6.RELEASE.jar;C:\Users\grace\.m2\repository\org\springframework\boot\spring-boot-starter-aop\2.1.6.RELEASE\spring-boot-starter-aop-2.1.6.RELEASE.jar;C:\Users\grace\.m2\repository\org\springframework\spring-aop\5.1.8.RELEASE\spring-aop-5.1.8.RELEASE.jar;C:\Users\grace\.m2\repository\org\aspectj\aspectjweaver\1.9.4\aspectjweaver-1.9.4.jar;C:\Users\grace\.m2\repository\org\springframework\boot\spring-boot-starter-jdbc\2.1.6.RELEASE\spring-boot-starter-jdbc-2.1.6.RELEASE.jar;C:\Users\grace\.m2\repository\com\zaxxer\HikariCP\3.2.0\HikariCP-3.2.0.jar;C:\Users\grace\.m2\repository\org\springframework\spring-jdbc\5.1.8.RELEASE\spring-jdbc-5.1.8.RELEASE.jar;C:\Users\grace\.m2\repository\javax\transaction\javax.transaction-api\1.3\javax.transaction-api-1.3.jar;C:\Users\grace\.m2\repository\javax\xml\bind\jaxb-api\2.3.1\jaxb-api-2.3.1.jar;C:\Users\grace\.m2\repository\javax\activation\javax.activation-api\1.2.0\javax.activation-api-1.2.0.jar;C:\Users\grace\.m2\repository\org\hibernate\hibernate-core\5.3.10.Final\hibernate-core-5.3.10.Final.jar;C:\Users\grace\.m2\repository\org\jboss\logging\jboss-logging\3.3.2.Final\jboss-logging-3.3.2.Final.jar;C:\Users\grace\.m2\repository\javax\persistence\javax.persistence-api\2.2\javax.persistence-api-2.2.jar;C:\Users\grace\.m2\repository\net\bytebuddy\byte-buddy\1.9.13\byte-buddy-1.9.13.jar;C:\Users\grace\.m2\repository\antlr\antlr\2.7.7\antlr-2.7.7.jar;C:\Users\grace\.m2\repository\org\jboss\jandex\2.0.5.Final\jandex-2.0.5.Final.jar;C:\Users\grace\.m2\repository\com\fasterxml\classmate\1.4.0\classmate-1.4.0.jar;C:\Users\grace\.m2\repository\org\dom4j\dom4j\2.1.1\dom4j-2.1.1.jar;C:\Users\grace\.m2\repository\org\hibernate\common\hibernate-commons-annotations\5.0.4.Final\hibernate-commons-annotations-5.0.4.Final.jar;C:\Users\grace\.m2\repository\org\springframework\data\spring-data-jpa\2.1.9.RELEASE\spring-data-jpa-2.1.9.RELEASE.jar;C:\Users\grace\.m2\repository\org\springframework\data\spring-data-commons\2.1.9.RELEASE\spring-data-commons-2.1.9.RELEASE.jar;C:\Users\grace\.m2\repository\org\springframework\spring-orm\5.1.8.RELEASE\spring-orm-5.1.8.RELEASE.jar;C:\Users\grace\.m2\repository\org\springframework\spring-context\5.1.8.RELEASE\spring-context-5.1.8.RELEASE.jar;C:\Users\grace\.m2\repository\org\springframework\spring-expression\5.1.8.RELEASE\spring-expression-5.1.8.RELEASE.jar;C:\Users\grace\.m2\repository\org\springframework\spring-tx\5.1.8.RELEASE\spring-tx-5.1.8.RELEASE.jar;C:\Users\grace\.m2\repository\org\springframework\spring-beans\5.1.8.RELEASE\spring-beans-5.1.8.RELEASE.jar;C:\Users\grace\.m2\repository\org\slf4j\slf4j-api\1.7.26\slf4j-api-1.7.26.jar;C:\Users\grace\.m2\repository\org\springframework\spring-aspects\5.1.8.RELEASE\spring-aspects-5.1.8.RELEASE.jar;C:\Users\grace\.m2\repository\javax\validation\validation-api\2.0.0.Final\validation-api-2.0.0.Final.jar;C:\Users\grace\.m2\repository\org\reflections\reflections\0.9.11\reflections-0.9.11.jar;C:\Users\grace\.m2\repository\com\google\guava\guava\20.0\guava-20.0.jar;C:\Users\grace\.m2\repository\org\javassist\javassist\3.21.0-GA\javassist-3.21.0-GA.jar;C:\Users\grace\.m2\repository\com\h2database\h2\1.4.199\h2-1.4.199.jar;C:\Users\grace\.m2\repository\org\projectlombok\lombok\1.18.8\lombok-1.18.8.jar;C:\Users\grace\.m2\repository\org\springframework\boot\spring-boot-starter-test\2.1.6.RELEASE\spring-boot-starter-test-2.1.6.RELEASE.jar;C:\Users\grace\.m2\repository\org\springframework\boot\spring-boot-starter\2.1.6.RELEASE\spring-boot-starter-2.1.6.RELEASE.jar;C:\Users\grace\.m2\repository\org\springframework\boot\spring-boot\2.1.6.RELEASE\spring-boot-2.1.6.RELEASE.jar;C:\Users\grace\.m2\repository\org\springframework\boot\spring-boot-autoconfigure\2.1.6.RELEASE\spring-boot-autoconfigure-2.1.6.RELEASE.jar;C:\Users\grace\.m2\repository\org\springframework\boot\spring-boot-starter-logging\2.1.6.RELEASE\spring-boot-starter-logging-2.1.6.RELEASE.jar;C:\Users\grace\.m2\repository\ch\qos\logback\logback-classic\1.2.3\logback-classic-1.2.3.jar;C:\Users\grace\.m2\repository\ch\qos\logback\logback-core\1.2.3\logback-core-1.2.3.jar;C:\Users\grace\.m2\repository\org\apache\logging\log4j\log4j-to-slf4j\2.11.2\log4j-to-slf4j-2.11.2.jar;C:\Users\grace\.m2\repository\org\apache\logging\log4j\log4j-api\2.11.2\log4j-api-2.11.2.jar;C:\Users\grace\.m2\repository\org\slf4j\jul-to-slf4j\1.7.26\jul-to-slf4j-1.7.26.jar;C:\Users\grace\.m2\repository\javax\annotation\javax.annotation-api\1.3.2\javax.annotation-api-1.3.2.jar;C:\Users\grace\.m2\repository\org\yaml\snakeyaml\1.23\snakeyaml-1.23.jar;C:\Users\grace\.m2\repository\org\springframework\boot\spring-boot-test\2.1.6.RELEASE\spring-boot-test-2.1.6.RELEASE.jar;C:\Users\grace\.m2\repository\org\springframework\boot\spring-boot-test-autoconfigure\2.1.6.RELEASE\spring-boot-test-autoconfigure-2.1.6.RELEASE.jar;C:\Users\grace\.m2\repository\com\jayway\jsonpath\json-path\2.4.0\json-path-2.4.0.jar;C:\Users\grace\.m2\repository\net\minidev\json-smart\2.3\json-smart-2.3.jar;C:\Users\grace\.m2\repository\net\minidev\accessors-smart\1.2\accessors-smart-1.2.jar;C:\Users\grace\.m2\repository\org\ow2\asm\asm\5.0.4\asm-5.0.4.jar;C:\Users\grace\.m2\repository\junit\junit\4.12\junit-4.12.jar;C:\Users\grace\.m2\repository\org\assertj\assertj-core\3.11.1\assertj-core-3.11.1.jar;C:\Users\grace\.m2\repository\org\mockito\mockito-core\2.23.4\mockito-core-2.23.4.jar;C:\Users\grace\.m2\repository\net\bytebuddy\byte-buddy-agent\1.9.13\byte-buddy-agent-1.9.13.jar;C:\Users\grace\.m2\repository\org\objenesis\objenesis\2.6\objenesis-2.6.jar;C:\Users\grace\.m2\repository\org\hamcrest\hamcrest-core\1.3\hamcrest-core-1.3.jar;C:\Users\grace\.m2\repository\org\hamcrest\hamcrest-library\1.3\hamcrest-library-1.3.jar;C:\Users\grace\.m2\repository\org\skyscreamer\jsonassert\1.5.0\jsonassert-1.5.0.jar;C:\Users\grace\.m2\repository\com\vaadin\external\google\android-json\0.0.20131108.vaadin1\android-json-0.0.20131108.vaadin1.jar;C:\Users\grace\.m2\repository\org\springframework\spring-core\5.1.8.RELEASE\spring-core-5.1.8.RELEASE.jar;C:\Users\grace\.m2\repository\org\springframework\spring-jcl\5.1.8.RELEASE\spring-jcl-5.1.8.RELEASE.jar;C:\Users\grace\.m2\repository\org\springframework\spring-test\5.1.8.RELEASE\spring-test-5.1.8.RELEASE.jar;C:\Users\grace\.m2\repository\org\xmlunit\xmlunit-core\2.6.2\xmlunit-core-2.6.2.jar;"/>
    <property name="sun.cpu.endian" value="little"/>
    <property name="user.home" value="C:\Users\grace"/>
    <property name="user.language" value="pt"/>
    <property name="java.specification.vendor" value="Oracle Corporation"/>
    <property name="java.home" value="C:\Program Files\Java\jdk1.8.0_201\jre"/>
    <property name="basedir" value="C:\Users\grace\codenation\java-9"/>
    <property name="file.separator" value="\"/>
    <property name="line.separator" value="&#10;"/>
    <property name="java.vm.specification.vendor" value="Oracle Corporation"/>
    <property name="java.specification.name" value="Java Platform API Specification"/>
    <property name="java.awt.graphicsenv" value="sun.awt.Win32GraphicsEnvironment"/>
    <property name="surefire.real.class.path" value="C:\Users\grace\AppData\Local\Temp\surefire2551230783145349372\surefirebooter7295151134437569087.jar"/>
    <property name="sun.boot.class.path" value="C:\Program Files\Java\jdk1.8.0_201\jre\lib\resources.jar;C:\Program Files\Java\jdk1.8.0_201\jre\lib\rt.jar;C:\Program Files\Java\jdk1.8.0_201\jre\lib\sunrsasign.jar;C:\Program Files\Java\jdk1.8.0_201\jre\lib\jsse.jar;C:\Program Files\Java\jdk1.8.0_201\jre\lib\jce.jar;C:\Program Files\Java\jdk1.8.0_201\jre\lib\charsets.jar;C:\Program Files\Java\jdk1.8.0_201\jre\lib\jfr.jar;C:\Program Files\Java\jdk1.8.0_201\jre\classes"/>
    <property name="user.script" value=""/>
    <property name="sun.management.compiler" value="HotSpot 64-Bit Tiered Compilers"/>
    <property name="java.runtime.version" value="1.8.0_201-b09"/>
    <property name="user.name" value="grace"/>
    <property name="path.separator" value=";"/>
    <property name="os.version" value="10.0"/>
    <property name="java.endorsed.dirs" value="C:\Program Files\Java\jdk1.8.0_201\jre\lib\endorsed"/>
    <property name="java.runtime.name" value="Java(TM) SE Runtime Environment"/>
    <property name="file.encoding" value="Cp1252"/>
    <property name="java.vm.name" value="Java HotSpot(TM) 64-Bit Server VM"/>
    <property name="localRepository" value="C:\Users\grace\.m2\repository"/>
    <property name="java.vendor.url.bug" value="http://bugreport.sun.com/bugreport/"/>
    <property name="java.io.tmpdir" value="C:\Users\grace\AppData\Local\Temp\"/>
    <property name="java.version" value="1.8.0_201"/>
    <property name="user.dir" value="C:\Users\grace\codenation\java-9"/>
    <property name="os.arch" value="amd64"/>
    <property name="java.vm.specification.name" value="Java Virtual Machine Specification"/>
    <property name="java.awt.printerjob" value="sun.awt.windows.WPrinterJob"/>
    <property name="sun.os.patch.level" value=""/>
    <property name="java.library.path" value="C:\Program Files\Java\jdk1.8.0_201\jre\bin;C:\Windows\Sun\Java\bin;C:\Windows\system32;C:\Windows;C:\Program Files (x86)\Common Files\Oracle\Java\javapath;&quot;C:\Program Files\Java\jdk1.8.0_201\bin;&quot;;C:\Windows\system32;C:\Windows;C:\Windows\System32\Wbem;C:\Windows\System32\WindowsPowerShell\v1.0\;C:\Windows\System32\OpenSSH\;C:\Program Files\Git\cmd;C:\Program Files\nodejs\;C:\Users\grace\AppData\Local\Microsoft\WindowsApps;C:\Users\grace\AppData\Roaming\npm;."/>
    <property name="java.vm.info" value="mixed mode"/>
    <property name="java.vendor" value="Oracle Corporation"/>
    <property name="java.vm.version" value="25.201-b09"/>
    <property name="java.ext.dirs" value="C:\Program Files\Java\jdk1.8.0_201\jre\lib\ext;C:\Windows\Sun\Java\lib\ext"/>
    <property name="sun.io.unicode.encoding" value="UnicodeLittle"/>
    <property name="java.class.version" value="52.0"/>
  </properties>
  <testcase name="hasOneToManyCandidates" classname="com.challenge.suite.AccelerationTest" time="0.327">
    <failure message="&#10;Expected: &lt;true&gt;&#10;     but: was &lt;false&gt;" type="java.lang.AssertionError"><![CDATA[java.lang.AssertionError: 

Expected: <true>
     but: was <false>
	at com.challenge.suite.AccelerationTest.hasOneToManyCandidates(AccelerationTest.java:40)
]]></failure>
    <system-out><![CDATA[01:28:25.715 [main] DEBUG org.reflections.Reflections - going to scan these urls:
file:/C:/Users/grace/codenation/java-9/target/classes/
01:28:25.817 [main] INFO org.reflections.Reflections - Reflections took 102 ms to scan 1 urls, producing 1 keys and 6 values 
]]></system-out>
  </testcase>
  <testcase name="hasManyToOneChallenge" classname="com.challenge.suite.AccelerationTest" time="0.014">
    <failure message="&#10;Expected: &lt;true&gt;&#10;     but: was &lt;false&gt;" type="java.lang.AssertionError"><![CDATA[java.lang.AssertionError: 

Expected: <true>
     but: was <false>
	at com.challenge.suite.AccelerationTest.hasManyToOneChallenge(AccelerationTest.java:33)
]]></failure>
    <system-out><![CDATA[01:28:25.917 [main] DEBUG org.reflections.Reflections - going to scan these urls:
file:/C:/Users/grace/codenation/java-9/target/classes/
01:28:25.930 [main] INFO org.reflections.Reflections - Reflections took 13 ms to scan 1 urls, producing 1 keys and 6 values 
]]></system-out>
  </testcase>
  <testcase name="hasColumnName" classname="com.challenge.suite.AccelerationTest" time="0.018"/>
  <testcase name="hasColumnSlug" classname="com.challenge.suite.AccelerationTest" time="0.007"/>
  <testcase name="hasColumnSlugSize" classname="com.challenge.suite.AccelerationTest" time="0.02"/>
  <testcase name="hasColumnSlugNotNull" classname="com.challenge.suite.AccelerationTest" time="0.01"/>
  <testcase name="hasColumnNameNotNull" classname="com.challenge.suite.AccelerationTest" time="0.015"/>
  <testcase name="hasColumnNameSized" classname="com.challenge.suite.AccelerationTest" time="0.006"/>
  <testcase name="verifyTableName" classname="com.challenge.suite.AccelerationTest" time="0.012"/>
  <testcase name="checkOneToManyFieldsQuantity" classname="com.challenge.suite.AccelerationTest" time="0.008"/>
  <testcase name="hasColumnCreatedAtWithAnnotationCreatedDate" classname="com.challenge.suite.AccelerationTest" time="0.009">
    <failure message="&#10;Expected: &lt;true&gt;&#10;     but: was &lt;false&gt;" type="java.lang.AssertionError"><![CDATA[java.lang.AssertionError: 

Expected: <true>
     but: was <false>
]]></failure>
    <system-out><![CDATA[01:28:26.029 [main] DEBUG org.reflections.Reflections - going to scan these urls:
file:/C:/Users/grace/codenation/java-9/target/classes/
01:28:26.035 [main] INFO org.reflections.Reflections - Reflections took 6 ms to scan 1 urls, producing 1 keys and 6 values 
]]></system-out>
  </testcase>
  <testcase name="isEntity" classname="com.challenge.suite.AccelerationTest" time="0.009"/>
  <testcase name="isEntityListener" classname="com.challenge.suite.AccelerationTest" time="0.009">
    <failure message="&#10;Expected: &lt;true&gt;&#10;     but: was &lt;false&gt;" type="java.lang.AssertionError"><![CDATA[java.lang.AssertionError: 

Expected: <true>
     but: was <false>
]]></failure>
    <system-out><![CDATA[01:28:26.049 [main] DEBUG org.reflections.Reflections - going to scan these urls:
file:/C:/Users/grace/codenation/java-9/target/classes/
01:28:26.053 [main] INFO org.reflections.Reflections - Reflections took 4 ms to scan 1 urls, producing 1 keys and 6 values 
]]></system-out>
  </testcase>
  <testcase name="checkManyToOneFieldsQuantity" classname="com.challenge.suite.AccelerationTest" time="0.025"/>
  <testcase name="hasColumnCreatedAt" classname="com.challenge.suite.AccelerationTest" time="0.015"/>
  <testcase name="oneToManyFieldsFieldsAreCollection" classname="com.challenge.suite.AccelerationTest" time="0.016"/>
  <testcase name="hasColumnStatus" classname="com.challenge.suite.CandidateTest" time="0"/>
  <testcase name="hasColumnStatusNotNull" classname="com.challenge.suite.CandidateTest" time="0.035"/>
  <testcase name="checkPrimaryKeysWithManyToOne" classname="com.challenge.suite.CandidateTest" time="0.019">
    <error message="Not embeddedId" type="java.lang.RuntimeException">java.lang.RuntimeException: Not embeddedId
</error>
    <system-out><![CDATA[01:28:26.148 [main] DEBUG org.reflections.Reflections - going to scan these urls:
file:/C:/Users/grace/codenation/java-9/target/classes/
01:28:26.156 [main] INFO org.reflections.Reflections - Reflections took 6 ms to scan 1 urls, producing 1 keys and 6 values 
]]></system-out>
  </testcase>
  <testcase name="hasEmbeddedId" classname="com.challenge.suite.CandidateTest" time="0.007">
    <failure message="&#10;Expected: &lt;true&gt;&#10;     but: was &lt;false&gt;" type="java.lang.AssertionError"><![CDATA[java.lang.AssertionError: 

Expected: <true>
     but: was <false>
]]></failure>
    <system-out><![CDATA[01:28:26.167 [main] DEBUG org.reflections.Reflections - going to scan these urls:
file:/C:/Users/grace/codenation/java-9/target/classes/
01:28:26.172 [main] INFO org.reflections.Reflections - Reflections took 4 ms to scan 1 urls, producing 1 keys and 6 values 
]]></system-out>
  </testcase>
  <testcase name="checkEmbeddedIdIsEmbeddable" classname="com.challenge.suite.CandidateTest" time="0.015">
    <failure message="&#10;Expected: &lt;true&gt;&#10;     but: was &lt;false&gt;" type="java.lang.AssertionError"><![CDATA[java.lang.AssertionError: 

Expected: <true>
     but: was <false>
]]></failure>
    <system-out><![CDATA[01:28:26.175 [main] DEBUG org.reflections.Reflections - going to scan these urls:
file:/C:/Users/grace/codenation/java-9/target/classes/
01:28:26.183 [main] INFO org.reflections.Reflections - Reflections took 6 ms to scan 1 urls, producing 1 keys and 6 values 
]]></system-out>
  </testcase>
  <testcase name="checkPrimaryKeys" classname="com.challenge.suite.CandidateTest" time="0.016">
    <error message="Not embeddedId" type="java.lang.RuntimeException">java.lang.RuntimeException: Not embeddedId
</error>
    <system-out><![CDATA[01:28:26.193 [main] DEBUG org.reflections.Reflections - going to scan these urls:
file:/C:/Users/grace/codenation/java-9/target/classes/
01:28:26.205 [main] INFO org.reflections.Reflections - Reflections took 11 ms to scan 1 urls, producing 1 keys and 6 values 
]]></system-out>
  </testcase>
  <testcase name="verifyTableName" classname="com.challenge.suite.CandidateTest" time="0.008"/>
  <testcase name="checkOneToManyFieldsQuantity" classname="com.challenge.suite.CandidateTest" time="0.008">
    <failure message="&#10;Expected: a collection with size &lt;0&gt;&#10;     but: collection size was &lt;3&gt;" type="java.lang.AssertionError"><![CDATA[java.lang.AssertionError: 

Expected: a collection with size <0>
     but: collection size was <3>
]]></failure>
    <system-out><![CDATA[01:28:26.218 [main] DEBUG org.reflections.Reflections - going to scan these urls:
file:/C:/Users/grace/codenation/java-9/target/classes/
01:28:26.224 [main] INFO org.reflections.Reflections - Reflections took 5 ms to scan 1 urls, producing 1 keys and 6 values 
]]></system-out>
  </testcase>
  <testcase name="hasColumnCreatedAtWithAnnotationCreatedDate" classname="com.challenge.suite.CandidateTest" time="0.005">
    <failure message="&#10;Expected: &lt;true&gt;&#10;     but: was &lt;false&gt;" type="java.lang.AssertionError"><![CDATA[java.lang.AssertionError: 

Expected: <true>
     but: was <false>
]]></failure>
    <system-out><![CDATA[01:28:26.226 [main] DEBUG org.reflections.Reflections - going to scan these urls:
file:/C:/Users/grace/codenation/java-9/target/classes/
01:28:26.229 [main] INFO org.reflections.Reflections - Reflections took 3 ms to scan 1 urls, producing 1 keys and 6 values 
]]></system-out>
  </testcase>
  <testcase name="isEntity" classname="com.challenge.suite.CandidateTest" time="0.006"/>
  <testcase name="isEntityListener" classname="com.challenge.suite.CandidateTest" time="0.005">
    <failure message="&#10;Expected: &lt;true&gt;&#10;     but: was &lt;false&gt;" type="java.lang.AssertionError"><![CDATA[java.lang.AssertionError: 

Expected: <true>
     but: was <false>
]]></failure>
    <system-out><![CDATA[01:28:26.239 [main] DEBUG org.reflections.Reflections - going to scan these urls:
file:/C:/Users/grace/codenation/java-9/target/classes/
01:28:26.243 [main] INFO org.reflections.Reflections - Reflections took 4 ms to scan 1 urls, producing 1 keys and 6 values 
]]></system-out>
  </testcase>
  <testcase name="checkManyToOneFieldsQuantity" classname="com.challenge.suite.CandidateTest" time="0.012"/>
  <testcase name="hasColumnCreatedAt" classname="com.challenge.suite.CandidateTest" time="0.014"/>
  <testcase name="oneToManyFieldsFieldsAreCollection" classname="com.challenge.suite.CandidateTest" time="0.004"/>
  <testcase name="hasOneToManyAcceleration" classname="com.challenge.suite.ChallengeTest" time="0.011">
    <failure message="&#10;Expected: &lt;true&gt;&#10;     but: was &lt;false&gt;" type="java.lang.AssertionError"><![CDATA[java.lang.AssertionError: 

Expected: <true>
     but: was <false>
	at com.challenge.suite.ChallengeTest.hasOneToManyAcceleration(ChallengeTest.java:33)
]]></failure>
    <system-out><![CDATA[01:28:26.274 [main] DEBUG org.reflections.Reflections - going to scan these urls:
file:/C:/Users/grace/codenation/java-9/target/classes/
01:28:26.283 [main] INFO org.reflections.Reflections - Reflections took 9 ms to scan 1 urls, producing 1 keys and 6 values 
]]></system-out>
  </testcase>
  <testcase name="hasOneToManySubmission" classname="com.challenge.suite.ChallengeTest" time="0.006">
    <failure message="&#10;Expected: &lt;true&gt;&#10;     but: was &lt;false&gt;" type="java.lang.AssertionError"><![CDATA[java.lang.AssertionError: 

Expected: <true>
     but: was <false>
	at com.challenge.suite.ChallengeTest.hasOneToManySubmission(ChallengeTest.java:40)
]]></failure>
    <system-out><![CDATA[01:28:26.286 [main] DEBUG org.reflections.Reflections - going to scan these urls:
file:/C:/Users/grace/codenation/java-9/target/classes/
01:28:26.289 [main] INFO org.reflections.Reflections - Reflections took 3 ms to scan 1 urls, producing 1 keys and 6 values 
]]></system-out>
  </testcase>
  <testcase name="hasColumnName" classname="com.challenge.suite.ChallengeTest" time="0.006"/>
  <testcase name="hasColumnSlug" classname="com.challenge.suite.ChallengeTest" time="0.007"/>
  <testcase name="hasColumnSlugSize" classname="com.challenge.suite.ChallengeTest" time="0.006"/>
  <testcase name="hasColumnSlugNotNull" classname="com.challenge.suite.ChallengeTest" time="0.011"/>
  <testcase name="hasColumnNameNotNull" classname="com.challenge.suite.ChallengeTest" time="0.005"/>
  <testcase name="hasColumnNameSized" classname="com.challenge.suite.ChallengeTest" time="0.005"/>
  <testcase name="verifyTableName" classname="com.challenge.suite.ChallengeTest" time="0.007"/>
  <testcase name="checkOneToManyFieldsQuantity" classname="com.challenge.suite.ChallengeTest" time="0.008">
    <failure message="&#10;Expected: a collection with size &lt;2&gt;&#10;     but: collection size was &lt;0&gt;" type="java.lang.AssertionError"><![CDATA[java.lang.AssertionError: 

Expected: a collection with size <2>
     but: collection size was <0>
]]></failure>
    <system-out><![CDATA[01:28:26.341 [main] DEBUG org.reflections.Reflections - going to scan these urls:
file:/C:/Users/grace/codenation/java-9/target/classes/
01:28:26.345 [main] INFO org.reflections.Reflections - Reflections took 3 ms to scan 1 urls, producing 1 keys and 6 values 
]]></system-out>
  </testcase>
  <testcase name="hasColumnCreatedAtWithAnnotationCreatedDate" classname="com.challenge.suite.ChallengeTest" time="0.004">
    <failure message="&#10;Expected: &lt;true&gt;&#10;     but: was &lt;false&gt;" type="java.lang.AssertionError"><![CDATA[java.lang.AssertionError: 

Expected: <true>
     but: was <false>
]]></failure>
    <system-out><![CDATA[01:28:26.348 [main] DEBUG org.reflections.Reflections - going to scan these urls:
file:/C:/Users/grace/codenation/java-9/target/classes/
01:28:26.351 [main] INFO org.reflections.Reflections - Reflections took 3 ms to scan 1 urls, producing 1 keys and 6 values 
]]></system-out>
  </testcase>
  <testcase name="isEntity" classname="com.challenge.suite.ChallengeTest" time="0.004"/>
  <testcase name="isEntityListener" classname="com.challenge.suite.ChallengeTest" time="0.011">
    <failure message="&#10;Expected: &lt;true&gt;&#10;     but: was &lt;false&gt;" type="java.lang.AssertionError"><![CDATA[java.lang.AssertionError: 

Expected: <true>
     but: was <false>
]]></failure>
    <system-out><![CDATA[01:28:26.359 [main] DEBUG org.reflections.Reflections - going to scan these urls:
file:/C:/Users/grace/codenation/java-9/target/classes/
01:28:26.363 [main] INFO org.reflections.Reflections - Reflections took 4 ms to scan 1 urls, producing 1 keys and 6 values 
]]></system-out>
  </testcase>
  <testcase name="checkManyToOneFieldsQuantity" classname="com.challenge.suite.ChallengeTest" time="0.007">
    <failure message="&#10;Expected: a collection with size &lt;0&gt;&#10;     but: collection size was &lt;2&gt;" type="java.lang.AssertionError"><![CDATA[java.lang.AssertionError: 

Expected: a collection with size <0>
     but: collection size was <2>
]]></failure>
    <system-out><![CDATA[01:28:26.367 [main] DEBUG org.reflections.Reflections - going to scan these urls:
file:/C:/Users/grace/codenation/java-9/target/classes/
01:28:26.372 [main] INFO org.reflections.Reflections - Reflections took 5 ms to scan 1 urls, producing 1 keys and 6 values 
]]></system-out>
  </testcase>
  <testcase name="hasColumnCreatedAt" classname="com.challenge.suite.ChallengeTest" time="0.007"/>
  <testcase name="oneToManyFieldsFieldsAreCollection" classname="com.challenge.suite.ChallengeTest" time="0.006"/>
  <testcase name="hasOneToManyCandidates" classname="com.challenge.suite.CompanyTest" time="0.01">
    <failure message="&#10;Expected: &lt;true&gt;&#10;     but: was &lt;false&gt;" type="java.lang.AssertionError"><![CDATA[java.lang.AssertionError: 

Expected: <true>
     but: was <false>
	at com.challenge.suite.CompanyTest.hasOneToManyCandidates(CompanyTest.java:32)
]]></failure>
    <system-out><![CDATA[01:28:26.388 [main] DEBUG org.reflections.Reflections - going to scan these urls:
file:/C:/Users/grace/codenation/java-9/target/classes/
01:28:26.392 [main] INFO org.reflections.Reflections - Reflections took 4 ms to scan 1 urls, producing 1 keys and 6 values 
]]></system-out>
  </testcase>
  <testcase name="hasColumnName" classname="com.challenge.suite.CompanyTest" time="0.005"/>
  <testcase name="hasColumnSlug" classname="com.challenge.suite.CompanyTest" time="0.007"/>
  <testcase name="hasColumnSlugSize" classname="com.challenge.suite.CompanyTest" time="0.006"/>
  <testcase name="hasColumnSlugNotNull" classname="com.challenge.suite.CompanyTest" time="0.006"/>
  <testcase name="hasColumnNameNotNull" classname="com.challenge.suite.CompanyTest" time="0.007"/>
  <testcase name="hasColumnNameSized" classname="com.challenge.suite.CompanyTest" time="0.004"/>
  <testcase name="verifyTableName" classname="com.challenge.suite.CompanyTest" time="0.006"/>
  <testcase name="checkOneToManyFieldsQuantity" classname="com.challenge.suite.CompanyTest" time="0.005">
    <failure message="&#10;Expected: a collection with size &lt;1&gt;&#10;     but: collection size was &lt;0&gt;" type="java.lang.AssertionError"><![CDATA[java.lang.AssertionError: 

Expected: a collection with size <1>
     but: collection size was <0>
]]></failure>
    <system-out><![CDATA[01:28:26.442 [main] DEBUG org.reflections.Reflections - going to scan these urls:
file:/C:/Users/grace/codenation/java-9/target/classes/
01:28:26.445 [main] INFO org.reflections.Reflections - Reflections took 2 ms to scan 1 urls, producing 1 keys and 6 values 
]]></system-out>
  </testcase>
  <testcase name="hasColumnCreatedAtWithAnnotationCreatedDate" classname="com.challenge.suite.CompanyTest" time="0.004">
    <failure message="&#10;Expected: &lt;true&gt;&#10;     but: was &lt;false&gt;" type="java.lang.AssertionError"><![CDATA[java.lang.AssertionError: 

Expected: <true>
     but: was <false>
]]></failure>
    <system-out><![CDATA[01:28:26.448 [main] DEBUG org.reflections.Reflections - going to scan these urls:
file:/C:/Users/grace/codenation/java-9/target/classes/
01:28:26.451 [main] INFO org.reflections.Reflections - Reflections took 3 ms to scan 1 urls, producing 1 keys and 6 values 
]]></system-out>
  </testcase>
  <testcase name="isEntity" classname="com.challenge.suite.CompanyTest" time="0.005"/>
  <testcase name="isEntityListener" classname="com.challenge.suite.CompanyTest" time="0.008">
    <failure message="&#10;Expected: &lt;true&gt;&#10;     but: was &lt;false&gt;" type="java.lang.AssertionError"><![CDATA[java.lang.AssertionError: 

Expected: <true>
     but: was <false>
]]></failure>
    <system-out><![CDATA[01:28:26.458 [main] DEBUG org.reflections.Reflections - going to scan these urls:
file:/C:/Users/grace/codenation/java-9/target/classes/
01:28:26.462 [main] INFO org.reflections.Reflections - Reflections took 4 ms to scan 1 urls, producing 1 keys and 6 values 
]]></system-out>
  </testcase>
  <testcase name="checkManyToOneFieldsQuantity" classname="com.challenge.suite.CompanyTest" time="0.013">
    <failure message="&#10;Expected: a collection with size &lt;0&gt;&#10;     but: collection size was &lt;1&gt;" type="java.lang.AssertionError"><![CDATA[java.lang.AssertionError: 

Expected: a collection with size <0>
     but: collection size was <1>
]]></failure>
    <system-out><![CDATA[01:28:26.466 [main] DEBUG org.reflections.Reflections - going to scan these urls:
file:/C:/Users/grace/codenation/java-9/target/classes/
01:28:26.473 [main] INFO org.reflections.Reflections - Reflections took 5 ms to scan 1 urls, producing 1 keys and 6 values 
]]></system-out>
  </testcase>
  <testcase name="hasColumnCreatedAt" classname="com.challenge.suite.CompanyTest" time="0.008"/>
  <testcase name="oneToManyFieldsFieldsAreCollection" classname="com.challenge.suite.CompanyTest" time="0.01"/>
  <testcase name="hasColumnScore" classname="com.challenge.suite.SubmissionTest" time="0.006"/>
  <testcase name="hasColumnScoreNotNull" classname="com.challenge.suite.SubmissionTest" time="0.008"/>
  <testcase name="checkPrimaryKeysWithManyToOne" classname="com.challenge.suite.SubmissionTest" time="0.005">
    <error message="Not embeddedId" type="java.lang.RuntimeException">java.lang.RuntimeException: Not embeddedId
</error>
    <system-out><![CDATA[01:28:26.515 [main] DEBUG org.reflections.Reflections - going to scan these urls:
file:/C:/Users/grace/codenation/java-9/target/classes/
01:28:26.519 [main] INFO org.reflections.Reflections - Reflections took 4 ms to scan 1 urls, producing 1 keys and 6 values 
]]></system-out>
  </testcase>
  <testcase name="hasEmbeddedId" classname="com.challenge.suite.SubmissionTest" time="0.008">
    <failure message="&#10;Expected: &lt;true&gt;&#10;     but: was &lt;false&gt;" type="java.lang.AssertionError"><![CDATA[java.lang.AssertionError: 

Expected: <true>
     but: was <false>
]]></failure>
    <system-out><![CDATA[01:28:26.519 [main] DEBUG org.reflections.Reflections - going to scan these urls:
file:/C:/Users/grace/codenation/java-9/target/classes/
01:28:26.527 [main] INFO org.reflections.Reflections - Reflections took 8 ms to scan 1 urls, producing 1 keys and 6 values 
]]></system-out>
  </testcase>
  <testcase name="checkEmbeddedIdIsEmbeddable" classname="com.challenge.suite.SubmissionTest" time="0.006">
    <failure message="&#10;Expected: &lt;true&gt;&#10;     but: was &lt;false&gt;" type="java.lang.AssertionError"><![CDATA[java.lang.AssertionError: 

Expected: <true>
     but: was <false>
]]></failure>
    <system-out><![CDATA[01:28:26.529 [main] DEBUG org.reflections.Reflections - going to scan these urls:
file:/C:/Users/grace/codenation/java-9/target/classes/
01:28:26.532 [main] INFO org.reflections.Reflections - Reflections took 3 ms to scan 1 urls, producing 1 keys and 6 values 
]]></system-out>
  </testcase>
  <testcase name="checkPrimaryKeys" classname="com.challenge.suite.SubmissionTest" time="0.006">
    <error message="Not embeddedId" type="java.lang.RuntimeException">java.lang.RuntimeException: Not embeddedId
</error>
    <system-out><![CDATA[01:28:26.535 [main] DEBUG org.reflections.Reflections - going to scan these urls:
file:/C:/Users/grace/codenation/java-9/target/classes/
01:28:26.538 [main] INFO org.reflections.Reflections - Reflections took 3 ms to scan 1 urls, producing 1 keys and 6 values 
]]></system-out>
  </testcase>
  <testcase name="verifyTableName" classname="com.challenge.suite.SubmissionTest" time="0.007"/>
  <testcase name="checkOneToManyFieldsQuantity" classname="com.challenge.suite.SubmissionTest" time="0.006">
    <failure message="&#10;Expected: a collection with size &lt;0&gt;&#10;     but: collection size was &lt;2&gt;" type="java.lang.AssertionError"><![CDATA[java.lang.AssertionError: 

Expected: a collection with size <0>
     but: collection size was <2>
]]></failure>
    <system-out><![CDATA[01:28:26.549 [main] DEBUG org.reflections.Reflections - going to scan these urls:
file:/C:/Users/grace/codenation/java-9/target/classes/
01:28:26.553 [main] INFO org.reflections.Reflections - Reflections took 4 ms to scan 1 urls, producing 1 keys and 6 values 
]]></system-out>
  </testcase>
  <testcase name="hasColumnCreatedAtWithAnnotationCreatedDate" classname="com.challenge.suite.SubmissionTest" time="0.006">
    <failure message="&#10;Expected: &lt;true&gt;&#10;     but: was &lt;false&gt;" type="java.lang.AssertionError"><![CDATA[java.lang.AssertionError: 

Expected: <true>
     but: was <false>
]]></failure>
    <system-out><![CDATA[01:28:26.555 [main] DEBUG org.reflections.Reflections - going to scan these urls:
file:/C:/Users/grace/codenation/java-9/target/classes/
01:28:26.558 [main] INFO org.reflections.Reflections - Reflections took 3 ms to scan 1 urls, producing 1 keys and 6 values 
]]></system-out>
  </testcase>
  <testcase name="isEntity" classname="com.challenge.suite.SubmissionTest" time="0.006"/>
  <testcase name="isEntityListener" classname="com.challenge.suite.SubmissionTest" time="0.004">
    <failure message="&#10;Expected: &lt;true&gt;&#10;     but: was &lt;false&gt;" type="java.lang.AssertionError"><![CDATA[java.lang.AssertionError: 

Expected: <true>
     but: was <false>
]]></failure>
    <system-out><![CDATA[01:28:26.566 [main] DEBUG org.reflections.Reflections - going to scan these urls:
file:/C:/Users/grace/codenation/java-9/target/classes/
01:28:26.569 [main] INFO org.reflections.Reflections - Reflections took 2 ms to scan 1 urls, producing 1 keys and 6 values 
]]></system-out>
  </testcase>
  <testcase name="checkManyToOneFieldsQuantity" classname="com.challenge.suite.SubmissionTest" time="0.005"/>
  <testcase name="hasColumnCreatedAt" classname="com.challenge.suite.SubmissionTest" time="0.006"/>
  <testcase name="oneToManyFieldsFieldsAreCollection" classname="com.challenge.suite.SubmissionTest" time="0.005"/>
  <testcase name="hasColumnNicknameNotNull" classname="com.challenge.suite.UserTest" time="0.006"/>
  <testcase name="hasOneToManySubmissions" classname="com.challenge.suite.UserTest" time="0.009">
    <failure message="&#10;Expected: &lt;true&gt;&#10;     but: was &lt;false&gt;" type="java.lang.AssertionError"><![CDATA[java.lang.AssertionError: 

Expected: <true>
     but: was <false>
	at com.challenge.suite.UserTest.hasOneToManySubmissions(UserTest.java:140)
]]></failure>
    <system-out><![CDATA[01:28:26.593 [main] DEBUG org.reflections.Reflections - going to scan these urls:
file:/C:/Users/grace/codenation/java-9/target/classes/
01:28:26.596 [main] INFO org.reflections.Reflections - Reflections took 3 ms to scan 1 urls, producing 1 keys and 6 values 
]]></system-out>
  </testcase>
  <testcase name="hasColumnEmailSize" classname="com.challenge.suite.UserTest" time="0.004"/>
  <testcase name="hasColumnPasswordSize" classname="com.challenge.suite.UserTest" time="0.004"/>
  <testcase name="hasColumnEmail" classname="com.challenge.suite.UserTest" time="0.007"/>
  <testcase name="hasColumnFullNameSize" classname="com.challenge.suite.UserTest" time="0.006"/>
  <testcase name="hasColumnNicknameSize" classname="com.challenge.suite.UserTest" time="0.006"/>
  <testcase name="hasColumnFullNameNotNull" classname="com.challenge.suite.UserTest" time="0.006"/>
  <testcase name="hasColumnEmailNotNull" classname="com.challenge.suite.UserTest" time="0.004"/>
  <testcase name="hasColumnNickname" classname="com.challenge.suite.UserTest" time="0.007"/>
  <testcase name="hasOneToManyCandidates" classname="com.challenge.suite.UserTest" time="0.008">
    <failure message="&#10;Expected: &lt;true&gt;&#10;     but: was &lt;false&gt;" type="java.lang.AssertionError"><![CDATA[java.lang.AssertionError: 

Expected: <true>
     but: was <false>
	at com.challenge.suite.UserTest.hasOneToManyCandidates(UserTest.java:147)
]]></failure>
    <system-out><![CDATA[01:28:26.647 [main] DEBUG org.reflections.Reflections - going to scan these urls:
file:/C:/Users/grace/codenation/java-9/target/classes/
01:28:26.652 [main] INFO org.reflections.Reflections - Reflections took 4 ms to scan 1 urls, producing 1 keys and 6 values 
]]></system-out>
  </testcase>
  <testcase name="hasColumnPasswordNotNull" classname="com.challenge.suite.UserTest" time="0.007"/>
  <testcase name="hasColumnPassword" classname="com.challenge.suite.UserTest" time="0.009"/>
  <testcase name="hasColumnFullName" classname="com.challenge.suite.UserTest" time="0.006"/>
  <testcase name="hasColumnEmailWithEmailAnnotation" classname="com.challenge.suite.UserTest" time="0.007">
    <failure message="&#10;Expected: &lt;true&gt;&#10;     but: was &lt;false&gt;" type="java.lang.AssertionError"><![CDATA[java.lang.AssertionError: 

Expected: <true>
     but: was <false>
	at com.challenge.suite.UserTest.hasColumnEmailWithEmailAnnotation(UserTest.java:87)
]]></failure>
    <system-out><![CDATA[01:28:26.677 [main] DEBUG org.reflections.Reflections - going to scan these urls:
file:/C:/Users/grace/codenation/java-9/target/classes/
01:28:26.682 [main] INFO org.reflections.Reflections - Reflections took 4 ms to scan 1 urls, producing 1 keys and 6 values 
]]></system-out>
  </testcase>
  <testcase name="hasColumnId" classname="com.challenge.suite.UserTest" time="0.008"/>
  <testcase name="hasIdWithAnnotationId" classname="com.challenge.suite.UserTest" time="0.004"/>
  <testcase name="hasIdWithAnnotationGeneratedValueWithStrategyIdentity" classname="com.challenge.suite.UserTest" time="0.016"/>
  <testcase name="hasIdWithAnnotationGeneratedValue" classname="com.challenge.suite.UserTest" time="0.005"/>
  <testcase name="verifyTableName" classname="com.challenge.suite.UserTest" time="0.006"/>
  <testcase name="checkOneToManyFieldsQuantity" classname="com.challenge.suite.UserTest" time="0.006">
    <failure message="&#10;Expected: a collection with size &lt;2&gt;&#10;     but: collection size was &lt;0&gt;" type="java.lang.AssertionError"><![CDATA[java.lang.AssertionError: 

Expected: a collection with size <2>
     but: collection size was <0>
]]></failure>
    <system-out><![CDATA[01:28:26.725 [main] DEBUG org.reflections.Reflections - going to scan these urls:
file:/C:/Users/grace/codenation/java-9/target/classes/
01:28:26.729 [main] INFO org.reflections.Reflections - Reflections took 4 ms to scan 1 urls, producing 1 keys and 6 values 
]]></system-out>
  </testcase>
  <testcase name="hasColumnCreatedAtWithAnnotationCreatedDate" classname="com.challenge.suite.UserTest" time="0.005">
    <failure message="&#10;Expected: &lt;true&gt;&#10;     but: was &lt;false&gt;" type="java.lang.AssertionError"><![CDATA[java.lang.AssertionError: 

Expected: <true>
     but: was <false>
]]></failure>
    <system-out><![CDATA[01:28:26.731 [main] DEBUG org.reflections.Reflections - going to scan these urls:
file:/C:/Users/grace/codenation/java-9/target/classes/
01:28:26.734 [main] INFO org.reflections.Reflections - Reflections took 3 ms to scan 1 urls, producing 1 keys and 6 values 
]]></system-out>
  </testcase>
  <testcase name="isEntity" classname="com.challenge.suite.UserTest" time="0.006"/>
  <testcase name="isEntityListener" classname="com.challenge.suite.UserTest" time="0.008">
    <failure message="&#10;Expected: &lt;true&gt;&#10;     but: was &lt;false&gt;" type="java.lang.AssertionError"><![CDATA[java.lang.AssertionError: 

Expected: <true>
     but: was <false>
]]></failure>
    <system-out><![CDATA[01:28:26.743 [main] DEBUG org.reflections.Reflections - going to scan these urls:
file:/C:/Users/grace/codenation/java-9/target/classes/
01:28:26.749 [main] INFO org.reflections.Reflections - Reflections took 5 ms to scan 1 urls, producing 1 keys and 6 values 
]]></system-out>
  </testcase>
  <testcase name="checkManyToOneFieldsQuantity" classname="com.challenge.suite.UserTest" time="0.005">
    <failure message="&#10;Expected: a collection with size &lt;0&gt;&#10;     but: collection size was &lt;2&gt;" type="java.lang.AssertionError"><![CDATA[java.lang.AssertionError: 

Expected: a collection with size <0>
     but: collection size was <2>
]]></failure>
    <system-out><![CDATA[01:28:26.751 [main] DEBUG org.reflections.Reflections - going to scan these urls:
file:/C:/Users/grace/codenation/java-9/target/classes/
01:28:26.754 [main] INFO org.reflections.Reflections - Reflections took 3 ms to scan 1 urls, producing 1 keys and 6 values 
]]></system-out>
  </testcase>
  <testcase name="hasColumnCreatedAt" classname="com.challenge.suite.UserTest" time="0.004"/>
  <testcase name="oneToManyFieldsFieldsAreCollection" classname="com.challenge.suite.UserTest" time="0.005"/>
</testsuite>